app/build/intermediates/manifest_merge_blame_file/debug/manifest-merger-blame-debug-report.txt
1<?xml version="1.0" encoding="utf-8"?>
2<manifest xmlns:android="http://schemas.android.com/apk/res/android"
3    package="com.android.chatver4"
4    android:versionCode="1"
5    android:versionName="1.0" >
6
7    <uses-sdk
8        android:minSdkVersion="21"
8-->src\main\AndroidManifest.xml
9        android:targetSdkVersion="31" />
9-->src\main\AndroidManifest.xml
10
11    <uses-permission android:name="android.permission.INTERNET" />
11-->src\main\AndroidManifest.xml:51:3-65
11-->src\main\AndroidManifest.xml:51:20-62
12    <uses-permission android:name="android.permission.WRITE_EXTERNAL_STORAGE" />
12-->src\main\AndroidManifest.xml:52:3-79
12-->src\main\AndroidManifest.xml:52:20-76
13    <uses-permission android:name="android.permission.ACCESS_NETWORK_STATE" />
13-->src\main\AndroidManifest.xml:54:3-77
13-->src\main\AndroidManifest.xml:54:20-74
14    <uses-permission android:name="android.permission.WAKE_LOCK" />
14-->[androidx.work:work-runtime:2.7.0] AndroidManifest.xml:25:5-68
14-->[androidx.work:work-runtime:2.7.0] AndroidManifest.xml:25:22-65
15    <uses-permission android:name="android.permission.RECEIVE_BOOT_COMPLETED" />
15-->[androidx.work:work-runtime:2.7.0] AndroidManifest.xml:27:5-81
15-->[androidx.work:work-runtime:2.7.0] AndroidManifest.xml:27:22-78
16    <uses-permission android:name="android.permission.FOREGROUND_SERVICE" />
16-->[androidx.work:work-runtime:2.7.0] AndroidManifest.xml:28:5-77
16-->[androidx.work:work-runtime:2.7.0] AndroidManifest.xml:28:22-74
17
18    <application
18-->src\main\AndroidManifest.xml:5:3-50:17
19        android:allowBackup="true"
19-->src\main\AndroidManifest.xml:6:5-31
20        android:appComponentFactory="androidx.core.app.CoreComponentFactory"
20-->[androidx.core:core:1.6.0] AndroidManifest.xml:24:18-86
21        android:debuggable="true"
22        android:icon="@mipmap/ic_launcher"
22-->src\main\AndroidManifest.xml:7:5-39
23        android:label="@string/app_name"
23-->src\main\AndroidManifest.xml:8:5-37
24        android:roundIcon="@mipmap/ic_launcher_round"
24-->src\main\AndroidManifest.xml:9:5-50
25        android:supportsRtl="true"
25-->src\main\AndroidManifest.xml:10:5-31
26        android:testOnly="true"
27        android:theme="@style/Theme.AppCompat.Light" >
27-->src\main\AndroidManifest.xml:11:5-49
28        <activity
28-->src\main\AndroidManifest.xml:12:5-20:16
29            android:name="com.android.chatver4.activity.MainActivity"
29-->src\main\AndroidManifest.xml:14:7-44
30            android:exported="true" >
30-->src\main\AndroidManifest.xml:13:7-30
31
32            <!-- <intent-filter> -->
33            <!-- <action android:name="android.intent.action.MAIN" /> -->
34
35
36            <!-- <category android:name="android.intent.category.LAUNCHER" /> -->
37            <!-- </intent-filter> -->
38        </activity>
39        <activity
39-->src\main\AndroidManifest.xml:21:5-29:16
40            android:name="com.android.chatver4.activity.LoginActivity"
40-->src\main\AndroidManifest.xml:23:7-45
41            android:exported="true" >
41-->src\main\AndroidManifest.xml:22:7-30
42
43            <!-- <intent-filter> -->
44            <!-- <action android:name="android.intent.action.MAIN" /> -->
45
46
47            <!-- <category android:name="android.intent.category.LAUNCHER" /> -->
48            <!-- </intent-filter> -->
49        </activity>
50        <activity
50-->src\main\AndroidManifest.xml:30:5-38:16
51            android:name="com.android.chatver4.activity.ChatGroupActivity"
51-->src\main\AndroidManifest.xml:32:7-49
52            android:exported="true" >
52-->src\main\AndroidManifest.xml:31:7-30
53
54            <!-- <intent-filter> -->
55            <!-- <action android:name="android.intent.action.MAIN" /> -->
56
57
58            <!-- <category android:name="android.intent.category.LAUNCHER" /> -->
59            <!-- </intent-filter> -->
60        </activity>
61        <activity
61-->src\main\AndroidManifest.xml:40:5-49:16
62            android:name="com.android.chatver4.activity.ChatActivity"
62-->src\main\AndroidManifest.xml:42:7-44
63            android:exported="true"
63-->src\main\AndroidManifest.xml:41:7-30
64            android:windowSoftInputMode="stateAlwaysHidden" >
64-->src\main\AndroidManifest.xml:43:7-54
65            <intent-filter>
65-->src\main\AndroidManifest.xml:44:7-48:23
66                <action android:name="android.intent.action.MAIN" />
66-->src\main\AndroidManifest.xml:45:9-61
66-->src\main\AndroidManifest.xml:45:17-58
67
68                <category android:name="android.intent.category.LAUNCHER" />
68-->src\main\AndroidManifest.xml:47:9-69
68-->src\main\AndroidManifest.xml:47:19-66
69            </intent-filter>
70        </activity>
71
72        <service
72-->[com.google.firebase:firebase-firestore:24.0.0] AndroidManifest.xml:17:9-23:19
73            android:name="com.google.firebase.components.ComponentDiscoveryService"
73-->[com.google.firebase:firebase-firestore:24.0.0] AndroidManifest.xml:18:13-84
74            android:directBootAware="true"
74-->[com.google.firebase:firebase-common:20.0.0] AndroidManifest.xml:35:13-43
75            android:exported="false" >
75-->[com.google.firebase:firebase-firestore:24.0.0] AndroidManifest.xml:19:13-37
76            <meta-data
76-->[com.google.firebase:firebase-firestore:24.0.0] AndroidManifest.xml:20:13-22:85
77                android:name="com.google.firebase.components:com.google.firebase.firestore.FirestoreRegistrar"
77-->[com.google.firebase:firebase-firestore:24.0.0] AndroidManifest.xml:21:17-111
78                android:value="com.google.firebase.components.ComponentRegistrar" />
78-->[com.google.firebase:firebase-firestore:24.0.0] AndroidManifest.xml:22:17-82
79        </service>
80
81        <provider
81-->[androidx.work:work-runtime:2.7.0] AndroidManifest.xml:31:9-39:20
82            android:name="androidx.startup.InitializationProvider"
82-->[androidx.work:work-runtime:2.7.0] AndroidManifest.xml:32:13-67
83            android:authorities="com.android.chatver4.androidx-startup"
83-->[androidx.work:work-runtime:2.7.0] AndroidManifest.xml:33:13-68
84            android:exported="false" >
84-->[androidx.work:work-runtime:2.7.0] AndroidManifest.xml:34:13-37
85            <meta-data
85-->[androidx.work:work-runtime:2.7.0] AndroidManifest.xml:36:13-38:52
86                android:name="androidx.work.WorkManagerInitializer"
86-->[androidx.work:work-runtime:2.7.0] AndroidManifest.xml:37:17-68
87                android:value="androidx.startup" />
87-->[androidx.work:work-runtime:2.7.0] AndroidManifest.xml:38:17-49
88        </provider>
89
90        <service
90-->[androidx.work:work-runtime:2.7.0] AndroidManifest.xml:41:9-46:35
91            android:name="androidx.work.impl.background.systemalarm.SystemAlarmService"
91-->[androidx.work:work-runtime:2.7.0] AndroidManifest.xml:42:13-88
92            android:directBootAware="false"
92-->[androidx.work:work-runtime:2.7.0] AndroidManifest.xml:43:13-44
93            android:enabled="@bool/enable_system_alarm_service_default"
93-->[androidx.work:work-runtime:2.7.0] AndroidManifest.xml:44:13-72
94            android:exported="false" />
94-->[androidx.work:work-runtime:2.7.0] AndroidManifest.xml:45:13-37
95        <service
95-->[androidx.work:work-runtime:2.7.0] AndroidManifest.xml:47:9-53:35
96            android:name="androidx.work.impl.background.systemjob.SystemJobService"
96-->[androidx.work:work-runtime:2.7.0] AndroidManifest.xml:48:13-84
97            android:directBootAware="false"
97-->[androidx.work:work-runtime:2.7.0] AndroidManifest.xml:49:13-44
98            android:enabled="@bool/enable_system_job_service_default"
98-->[androidx.work:work-runtime:2.7.0] AndroidManifest.xml:50:13-70
99            android:exported="true"
99-->[androidx.work:work-runtime:2.7.0] AndroidManifest.xml:51:13-36
100            android:permission="android.permission.BIND_JOB_SERVICE" />
100-->[androidx.work:work-runtime:2.7.0] AndroidManifest.xml:52:13-69
101        <service
101-->[androidx.work:work-runtime:2.7.0] AndroidManifest.xml:54:9-59:35
102            android:name="androidx.work.impl.foreground.SystemForegroundService"
102-->[androidx.work:work-runtime:2.7.0] AndroidManifest.xml:55:13-81
103            android:directBootAware="false"
103-->[androidx.work:work-runtime:2.7.0] AndroidManifest.xml:56:13-44
104            android:enabled="@bool/enable_system_foreground_service_default"
104-->[androidx.work:work-runtime:2.7.0] AndroidManifest.xml:57:13-77
105            android:exported="false" />
105-->[androidx.work:work-runtime:2.7.0] AndroidManifest.xml:58:13-37
106
107        <receiver
107-->[androidx.work:work-runtime:2.7.0] AndroidManifest.xml:61:9-66:35
108            android:name="androidx.work.impl.utils.ForceStopRunnable$BroadcastReceiver"
108-->[androidx.work:work-runtime:2.7.0] AndroidManifest.xml:62:13-88
109            android:directBootAware="false"
109-->[androidx.work:work-runtime:2.7.0] AndroidManifest.xml:63:13-44
110            android:enabled="true"
110-->[androidx.work:work-runtime:2.7.0] AndroidManifest.xml:64:13-35
111            android:exported="false" />
111-->[androidx.work:work-runtime:2.7.0] AndroidManifest.xml:65:13-37
112        <receiver
112-->[androidx.work:work-runtime:2.7.0] AndroidManifest.xml:67:9-77:20
113            android:name="androidx.work.impl.background.systemalarm.ConstraintProxy$BatteryChargingProxy"
113-->[androidx.work:work-runtime:2.7.0] AndroidManifest.xml:68:13-106
114            android:directBootAware="false"
114-->[androidx.work:work-runtime:2.7.0] AndroidManifest.xml:69:13-44
115            android:enabled="false"
115-->[androidx.work:work-runtime:2.7.0] AndroidManifest.xml:70:13-36
116            android:exported="false" >
116-->[androidx.work:work-runtime:2.7.0] AndroidManifest.xml:71:13-37
117            <intent-filter>
117-->[androidx.work:work-runtime:2.7.0] AndroidManifest.xml:73:13-76:29
118                <action android:name="android.intent.action.ACTION_POWER_CONNECTED" />
118-->[androidx.work:work-runtime:2.7.0] AndroidManifest.xml:74:17-87
118-->[androidx.work:work-runtime:2.7.0] AndroidManifest.xml:74:25-84
119                <action android:name="android.intent.action.ACTION_POWER_DISCONNECTED" />
119-->[androidx.work:work-runtime:2.7.0] AndroidManifest.xml:75:17-90
119-->[androidx.work:work-runtime:2.7.0] AndroidManifest.xml:75:25-87
120            </intent-filter>
121        </receiver>
122        <receiver
122-->[androidx.work:work-runtime:2.7.0] AndroidManifest.xml:78:9-88:20
123            android:name="androidx.work.impl.background.systemalarm.ConstraintProxy$BatteryNotLowProxy"
123-->[androidx.work:work-runtime:2.7.0] AndroidManifest.xml:79:13-104
124            android:directBootAware="false"
124-->[androidx.work:work-runtime:2.7.0] AndroidManifest.xml:80:13-44
125            android:enabled="false"
125-->[androidx.work:work-runtime:2.7.0] AndroidManifest.xml:81:13-36
126            android:exported="false" >
126-->[androidx.work:work-runtime:2.7.0] AndroidManifest.xml:82:13-37
127            <intent-filter>
127-->[androidx.work:work-runtime:2.7.0] AndroidManifest.xml:84:13-87:29
128                <action android:name="android.intent.action.BATTERY_OKAY" />
128-->[androidx.work:work-runtime:2.7.0] AndroidManifest.xml:85:17-77
128-->[androidx.work:work-runtime:2.7.0] AndroidManifest.xml:85:25-74
129                <action android:name="android.intent.action.BATTERY_LOW" />
129-->[androidx.work:work-runtime:2.7.0] AndroidManifest.xml:86:17-76
129-->[androidx.work:work-runtime:2.7.0] AndroidManifest.xml:86:25-73
130            </intent-filter>
131        </receiver>
132        <receiver
132-->[androidx.work:work-runtime:2.7.0] AndroidManifest.xml:89:9-99:20
133            android:name="androidx.work.impl.background.systemalarm.ConstraintProxy$StorageNotLowProxy"
133-->[androidx.work:work-runtime:2.7.0] AndroidManifest.xml:90:13-104
134            android:directBootAware="false"
134-->[androidx.work:work-runtime:2.7.0] AndroidManifest.xml:91:13-44
135            android:enabled="false"
135-->[androidx.work:work-runtime:2.7.0] AndroidManifest.xml:92:13-36
136            android:exported="false" >
136-->[androidx.work:work-runtime:2.7.0] AndroidManifest.xml:93:13-37
137            <intent-filter>
137-->[androidx.work:work-runtime:2.7.0] AndroidManifest.xml:95:13-98:29
138                <action android:name="android.intent.action.DEVICE_STORAGE_LOW" />
138-->[androidx.work:work-runtime:2.7.0] AndroidManifest.xml:96:17-83
138-->[androidx.work:work-runtime:2.7.0] AndroidManifest.xml:96:25-80
139                <action android:name="android.intent.action.DEVICE_STORAGE_OK" />
139-->[androidx.work:work-runtime:2.7.0] AndroidManifest.xml:97:17-82
139-->[androidx.work:work-runtime:2.7.0] AndroidManifest.xml:97:25-79
140            </intent-filter>
141        </receiver>
142        <receiver
142-->[androidx.work:work-runtime:2.7.0] AndroidManifest.xml:100:9-109:20
143            android:name="androidx.work.impl.background.systemalarm.ConstraintProxy$NetworkStateProxy"
143-->[androidx.work:work-runtime:2.7.0] AndroidManifest.xml:101:13-103
144            android:directBootAware="false"
144-->[androidx.work:work-runtime:2.7.0] AndroidManifest.xml:102:13-44
145            android:enabled="false"
145-->[androidx.work:work-runtime:2.7.0] AndroidManifest.xml:103:13-36
146            android:exported="false" >
146-->[androidx.work:work-runtime:2.7.0] AndroidManifest.xml:104:13-37
147            <intent-filter>
147-->[androidx.work:work-runtime:2.7.0] AndroidManifest.xml:106:13-108:29
148                <action android:name="android.net.conn.CONNECTIVITY_CHANGE" />
148-->[androidx.work:work-runtime:2.7.0] AndroidManifest.xml:107:17-79
148-->[androidx.work:work-runtime:2.7.0] AndroidManifest.xml:107:25-76
149            </intent-filter>
150        </receiver>
151        <receiver
151-->[androidx.work:work-runtime:2.7.0] AndroidManifest.xml:110:9-121:20
152            android:name="androidx.work.impl.background.systemalarm.RescheduleReceiver"
152-->[androidx.work:work-runtime:2.7.0] AndroidManifest.xml:111:13-88
153            android:directBootAware="false"
153-->[androidx.work:work-runtime:2.7.0] AndroidManifest.xml:112:13-44
154            android:enabled="false"
154-->[androidx.work:work-runtime:2.7.0] AndroidManifest.xml:113:13-36
155            android:exported="false" >
155-->[androidx.work:work-runtime:2.7.0] AndroidManifest.xml:114:13-37
156            <intent-filter>
156-->[androidx.work:work-runtime:2.7.0] AndroidManifest.xml:116:13-120:29
157                <action android:name="android.intent.action.BOOT_COMPLETED" />
157-->[androidx.work:work-runtime:2.7.0] AndroidManifest.xml:117:17-79
157-->[androidx.work:work-runtime:2.7.0] AndroidManifest.xml:117:25-76
158                <action android:name="android.intent.action.TIME_SET" />
158-->[androidx.work:work-runtime:2.7.0] AndroidManifest.xml:118:17-73
158-->[androidx.work:work-runtime:2.7.0] AndroidManifest.xml:118:25-70
159                <action android:name="android.intent.action.TIMEZONE_CHANGED" />
159-->[androidx.work:work-runtime:2.7.0] AndroidManifest.xml:119:17-81
159-->[androidx.work:work-runtime:2.7.0] AndroidManifest.xml:119:25-78
160            </intent-filter>
161        </receiver>
162        <receiver
162-->[androidx.work:work-runtime:2.7.0] AndroidManifest.xml:122:9-131:20
163            android:name="androidx.work.impl.background.systemalarm.ConstraintProxyUpdateReceiver"
163-->[androidx.work:work-runtime:2.7.0] AndroidManifest.xml:123:13-99
164            android:directBootAware="false"
164-->[androidx.work:work-runtime:2.7.0] AndroidManifest.xml:124:13-44
165            android:enabled="@bool/enable_system_alarm_service_default"
165-->[androidx.work:work-runtime:2.7.0] AndroidManifest.xml:125:13-72
166            android:exported="false" >
166-->[androidx.work:work-runtime:2.7.0] AndroidManifest.xml:126:13-37
167            <intent-filter>
167-->[androidx.work:work-runtime:2.7.0] AndroidManifest.xml:128:13-130:29
168                <action android:name="androidx.work.impl.background.systemalarm.UpdateProxies" />
168-->[androidx.work:work-runtime:2.7.0] AndroidManifest.xml:129:17-98
168-->[androidx.work:work-runtime:2.7.0] AndroidManifest.xml:129:25-95
169            </intent-filter>
170        </receiver>
171        <receiver
171-->[androidx.work:work-runtime:2.7.0] AndroidManifest.xml:132:9-142:20
172            android:name="androidx.work.impl.diagnostics.DiagnosticsReceiver"
172-->[androidx.work:work-runtime:2.7.0] AndroidManifest.xml:133:13-78
173            android:directBootAware="false"
173-->[androidx.work:work-runtime:2.7.0] AndroidManifest.xml:134:13-44
174            android:enabled="true"
174-->[androidx.work:work-runtime:2.7.0] AndroidManifest.xml:135:13-35
175            android:exported="true"
175-->[androidx.work:work-runtime:2.7.0] AndroidManifest.xml:136:13-36
176            android:permission="android.permission.DUMP" >
176-->[androidx.work:work-runtime:2.7.0] AndroidManifest.xml:137:13-57
177            <intent-filter>
177-->[androidx.work:work-runtime:2.7.0] AndroidManifest.xml:139:13-141:29
178                <action android:name="androidx.work.diagnostics.REQUEST_DIAGNOSTICS" />
178-->[androidx.work:work-runtime:2.7.0] AndroidManifest.xml:140:17-88
178-->[androidx.work:work-runtime:2.7.0] AndroidManifest.xml:140:25-85
179            </intent-filter>
180        </receiver>
181
182        <provider
182-->[com.google.firebase:firebase-common:20.0.0] AndroidManifest.xml:26:9-31:39
183            android:name="com.google.firebase.provider.FirebaseInitProvider"
183-->[com.google.firebase:firebase-common:20.0.0] AndroidManifest.xml:27:13-77
184            android:authorities="com.android.chatver4.firebaseinitprovider"
184-->[com.google.firebase:firebase-common:20.0.0] AndroidManifest.xml:28:13-72
185            android:directBootAware="true"
185-->[com.google.firebase:firebase-common:20.0.0] AndroidManifest.xml:29:13-43
186            android:exported="false"
186-->[com.google.firebase:firebase-common:20.0.0] AndroidManifest.xml:30:13-37
187            android:initOrder="100" />
187-->[com.google.firebase:firebase-common:20.0.0] AndroidManifest.xml:31:13-36
188
189        <activity
189-->[com.google.android.gms:play-services-base:17.1.0] AndroidManifest.xml:23:9-26:75
190            android:name="com.google.android.gms.common.api.GoogleApiActivity"
190-->[com.google.android.gms:play-services-base:17.1.0] AndroidManifest.xml:24:13-79
191            android:exported="false"
191-->[com.google.android.gms:play-services-base:17.1.0] AndroidManifest.xml:25:13-37
192            android:theme="@android:style/Theme.Translucent.NoTitleBar" />
192-->[com.google.android.gms:play-services-base:17.1.0] AndroidManifest.xml:26:13-72
193
194        <meta-data
194-->[com.google.android.gms:play-services-basement:17.0.0] AndroidManifest.xml:23:9-25:69
195            android:name="com.google.android.gms.version"
195-->[com.google.android.gms:play-services-basement:17.0.0] AndroidManifest.xml:24:13-58
196            android:value="@integer/google_play_services_version" />
196-->[com.google.android.gms:play-services-basement:17.0.0] AndroidManifest.xml:25:13-66
197
198        <service
198-->[androidx.room:room-runtime:2.2.5] AndroidManifest.xml:25:9-28:40
199            android:name="androidx.room.MultiInstanceInvalidationService"
199-->[androidx.room:room-runtime:2.2.5] AndroidManifest.xml:26:13-74
200            android:directBootAware="true"
200-->[androidx.room:room-runtime:2.2.5] AndroidManifest.xml:27:13-43
201            android:exported="false" />
201-->[androidx.room:room-runtime:2.2.5] AndroidManifest.xml:28:13-37
202    </application>
203
204</manifest>